<?xml version="1.0" encoding="UTF-8"?>
<testsuite name="demo.base.BaseDemoTest" tests="1" skipped="0" failures="0" errors="0" timestamp="2022-08-25T17:14:34" hostname="MNLITA13-W10" time="0.021">
  <properties/>
  <testcase name="should_return_BaseDemo_Sum2()" classname="demo.base.BaseDemoTest" time="0.021"/>
  <system-out><![CDATA[]]></system-out>
  <system-err><![CDATA[]]></system-err>
</testsuite>
